INFO  [EventPool.h:58] Enter Thread: 1
INFO  [EventPool.h:58] Enter Thread: 0
INFO  [Socket.h:137] connect: 4 True
INFO  [EventLoop.h:222] Attach Handler for socket: 4
INFO  [EventLoop.h:252] Register reader for: 4
INFO  [Socket.h:137] connect: 5 True
INFO  [EventLoop.h:222] Attach Handler for socket: 5
INFO  [EventLoop.h:252] Register reader for: 5
INFO  [echo_client.cpp:38] SendedMsg: 11 11 for socket: 4
INFO  [Socket.h:137] connect: 6 True
INFO  [echo_client.cpp:38] SendedMsg: 11 11 for socket: 5
INFO  [EventLoop.h:222] Attach Handler for socket: 6
INFO  [EventLoop.h:252] Register reader for: 6
INFO  [Socket.h:137] connect: 7 True
INFO  [EventLoop.h:222] Attach Handler for socket: 7
INFO  [EventLoop.h:252] Register reader for: 7
INFO  [echo_client.cpp:38] SendedMsg: 11 11 for socket: 6
INFO  [Socket.h:137] connect: 8 True
INFO  [EventLoop.h:222] Attach Handler for socket: 8
INFO  [EventLoop.h:252] Register reader for: 8
INFO  [echo_client.cpp:38] SendedMsg: 11 11 for socket: 7
INFO  [echo_client.cpp:38] SendedMsg: 11 11 for socket: 8
INFO  [Socket.h:137] connect: 9 True
INFO  [EventLoop.h:222] Attach Handler for socket: 9
INFO  [EventLoop.h:252] Register reader for: 9
INFO  [echo_client.cpp:38] SendedMsg: 11 11 for socket: 9
INFO  [Socket.h:137] connect: 10 True
INFO  [EventLoop.h:222] Attach Handler for socket: 10
INFO  [EventLoop.h:252] Register reader for: 10
INFO  [Socket.h:137] connect: 11 True
INFO  [echo_client.cpp:38] SendedMsg: 11 11 for socket: 10
INFO  [EventLoop.h:222] Attach Handler for socket: 11
INFO  [EventLoop.h:252] Register reader for: 11
INFO  [Socket.h:137] connect: 12 True
INFO  [echo_client.cpp:38] SendedMsg: 11 11 for socket: 11
INFO  [EventLoop.h:222] Attach Handler for socket: 12
INFO  [EventLoop.h:252] Register reader for: 12
INFO  [Socket.h:137] connect: 13 True
INFO  [echo_client.cpp:38] SendedMsg: 11 11 for socket: 12
INFO  [EventLoop.h:222] Attach Handler for socket: 13
INFO  [EventLoop.h:252] Register reader for: 13
INFO  [Socket.h:137] connect: 14 True
INFO  [echo_client.cpp:38] SendedMsg: 11 11 for socket: 13
INFO  [EventLoop.h:222] Attach Handler for socket: 14
INFO  [EventLoop.h:252] Register reader for: 14
WARN  [Socket.h:193] EWouldBlock Write
INFO  [Socket.h:137] connect: 15 True
INFO  [EventLoop.h:222] Attach Handler for socket: 15
INFO  [EventLoop.h:259] Register writer for: 14
INFO  [EventLoop.h:252] Register reader for: 15
WARN  [Socket.h:193] EWouldBlock Write
INFO  [Socket.h:137] connect: 16 True
INFO  [EventLoop.h:259] Register writer for: 15
INFO  [EventLoop.h:222] Attach Handler for socket: 16
INFO  [EventLoop.h:252] Register reader for: 16
WARN  [Socket.h:193] EWouldBlock Write
INFO  [Socket.h:137] connect: 17 True
INFO  [EventLoop.h:259] Register writer for: 16
INFO  [EventLoop.h:222] Attach Handler for socket: 17
INFO  [EventLoop.h:252] Register reader for: 17
WARN  [Socket.h:193] EWouldBlock Write
INFO  [Socket.h:137] connect: 18 True
INFO  [EventLoop.h:259] Register writer for: 17
INFO  [EventLoop.h:222] Attach Handler for socket: 18
INFO  [EventLoop.h:252] Register reader for: 18
INFO  [Socket.h:137] connect: 19 True
INFO  [EventLoop.h:222] Attach Handler for socket: 19
INFO  [EventLoop.h:252] Register reader for: 19
WARN  [Socket.h:193] EWouldBlock Write
WARN  [Socket.h:193] EWouldBlock Write
INFO  [EventLoop.h:259] Register writer for: 18
INFO  [Socket.h:137] connect: 20 True
INFO  [EventLoop.h:259] Register writer for: 19
INFO  [EventLoop.h:222] Attach Handler for socket: 20
INFO  [EventLoop.h:252] Register reader for: 20
WARN  [Socket.h:193] EWouldBlock Write
INFO  [EventLoop.h:259] Register writer for: 20
INFO  [Socket.h:137] connect: 21 True
INFO  [EventLoop.h:222] Attach Handler for socket: 21
INFO  [EventLoop.h:252] Register reader for: 21
WARN  [Socket.h:193] EWouldBlock Write
INFO  [Socket.h:137] connect: 22 True
INFO  [EventLoop.h:259] Register writer for: 21
INFO  [EventLoop.h:222] Attach Handler for socket: 22
INFO  [EventLoop.h:252] Register reader for: 22
WARN  [Socket.h:193] EWouldBlock Write
INFO  [Socket.h:137] connect: 23 True
INFO  [EventLoop.h:259] Register writer for: 22
INFO  [EventLoop.h:222] Attach Handler for socket: 23
INFO  [EventLoop.h:252] Register reader for: 23
WARN  [Socket.h:193] EWouldBlock Write
INFO  [EventLoop.h:259] Register writer for: 23
INFO  [Socket.h:137] connect: 24 True
INFO  [EventLoop.h:222] Attach Handler for socket: 24
INFO  [EventLoop.h:252] Register reader for: 24
INFO  [Socket.h:137] connect: 25 True
INFO  [EventLoop.h:222] Attach Handler for socket: 25
INFO  [echo_client.cpp:38] SendedMsg: 11 11 for socket: 24
INFO  [EventLoop.h:252] Register reader for: 25
WARN  [Socket.h:193] EWouldBlock Write
INFO  [Socket.h:137] connect: 26 True
INFO  [EventLoop.h:259] Register writer for: 25
INFO  [EventLoop.h:222] Attach Handler for socket: 26
INFO  [EventLoop.h:252] Register reader for: 26
WARN  [Socket.h:193] EWouldBlock Write
INFO  [Socket.h:137] connect: 27 True
INFO  [EventLoop.h:259] Register writer for: 26
INFO  [EventLoop.h:222] Attach Handler for socket: 27
INFO  [EventLoop.h:252] Register reader for: 27
WARN  [Socket.h:193] EWouldBlock Write
INFO  [Socket.h:137] connect: 28 True
INFO  [EventLoop.h:259] Register writer for: 27
INFO  [EventLoop.h:222] Attach Handler for socket: 28
INFO  [EventLoop.h:252] Register reader for: 28
WARN  [Socket.h:193] EWouldBlock Write
INFO  [Socket.h:137] connect: 29 True
INFO  [EventLoop.h:259] Register writer for: 28
INFO  [EventLoop.h:222] Attach Handler for socket: 29
INFO  [EventLoop.h:252] Register reader for: 29
WARN  [Socket.h:193] EWouldBlock Write
INFO  [Socket.h:137] connect: 30 True
INFO  [EventLoop.h:259] Register writer for: 29
INFO  [EventLoop.h:222] Attach Handler for socket: 30
INFO  [EventLoop.h:252] Register reader for: 30
WARN  [Socket.h:193] EWouldBlock Write
INFO  [Socket.h:137] connect: 31 True
INFO  [EventLoop.h:259] Register writer for: 30
INFO  [EventLoop.h:222] Attach Handler for socket: 31
INFO  [EventLoop.h:252] Register reader for: 31
WARN  [Socket.h:193] EWouldBlock Write
INFO  [Socket.h:137] connect: 32 True
INFO  [EventLoop.h:259] Register writer for: 31
INFO  [EventLoop.h:222] Attach Handler for socket: 32
INFO  [EventLoop.h:252] Register reader for: 32
WARN  [Socket.h:193] EWouldBlock Write
INFO  [Socket.h:137] connect: 33 True
INFO  [EventLoop.h:259] Register writer for: 32
INFO  [EventLoop.h:222] Attach Handler for socket: 33
INFO  [EventLoop.h:252] Register reader for: 33
INFO  [Socket.h:137] connect: 34 True
INFO  [EventLoop.h:222] Attach Handler for socket: 34
INFO  [EventLoop.h:252] Register reader for: 34
WARN  [Socket.h:193] EWouldBlock Write
INFO  [Socket.h:137] connect: 35 True
INFO  [EventLoop.h:259] Register writer for: 33
INFO  [EventLoop.h:222] Attach Handler for socket: 35
WARN  [Socket.h:193] EWouldBlock Write
INFO  [EventLoop.h:252] Register reader for: 35
INFO  [EventLoop.h:259] Register writer for: 34
WARN  [Socket.h:193] EWouldBlock Write
INFO  [EventLoop.h:259] Register writer for: 35
INFO  [Socket.h:137] connect: 36 True
INFO  [EventLoop.h:222] Attach Handler for socket: 36
INFO  [EventLoop.h:252] Register reader for: 36
WARN  [Socket.h:193] EWouldBlock Write
INFO  [Socket.h:137] connect: 37 True
INFO  [EventLoop.h:259] Register writer for: 36
INFO  [EventLoop.h:222] Attach Handler for socket: 37
INFO  [EventLoop.h:252] Register reader for: 37
WARN  [Socket.h:193] EWouldBlock Write
INFO  [EventLoop.h:259] Register writer for: 37
INFO  [Socket.h:137] connect: 38 True
INFO  [EventLoop.h:222] Attach Handler for socket: 38
INFO  [EventLoop.h:252] Register reader for: 38
WARN  [Socket.h:193] EWouldBlock Write
INFO  [EventLoop.h:259] Register writer for: 38
INFO  [Socket.h:137] connect: 39 True
INFO  [EventLoop.h:222] Attach Handler for socket: 39
INFO  [EventLoop.h:252] Register reader for: 39
WARN  [Socket.h:193] EWouldBlock Write
INFO  [EventLoop.h:259] Register writer for: 39
INFO  [Socket.h:137] connect: 40 True
INFO  [EventLoop.h:222] Attach Handler for socket: 40
INFO  [EventLoop.h:252] Register reader for: 40
WARN  [Socket.h:193] EWouldBlock Write
INFO  [EventLoop.h:259] Register writer for: 40
INFO  [Socket.h:137] connect: 41 True
INFO  [EventLoop.h:222] Attach Handler for socket: 41
INFO  [EventLoop.h:252] Register reader for: 41
WARN  [Socket.h:193] EWouldBlock Write
INFO  [Socket.h:137] connect: 42 True
INFO  [EventLoop.h:259] Register writer for: 41
INFO  [EventLoop.h:222] Attach Handler for socket: 42
INFO  [EventLoop.h:252] Register reader for: 42
WARN  [Socket.h:193] EWouldBlock Write
INFO  [EventLoop.h:259] Register writer for: 42
INFO  [Socket.h:137] connect: 43 True
INFO  [EventLoop.h:222] Attach Handler for socket: 43
INFO  [EventLoop.h:252] Register reader for: 43
WARN  [Socket.h:193] EWouldBlock Write
INFO  [EventLoop.h:259] Register writer for: 43
INFO  [Socket.h:137] connect: 44 True
INFO  [EventLoop.h:222] Attach Handler for socket: 44
INFO  [EventLoop.h:252] Register reader for: 44
WARN  [Socket.h:193] EWouldBlock Write
INFO  [EventLoop.h:259] Register writer for: 44
INFO  [Socket.h:137] connect: 45 True
INFO  [EventLoop.h:222] Attach Handler for socket: 45
INFO  [EventLoop.h:252] Register reader for: 45
WARN  [Socket.h:193] EWouldBlock Write
INFO  [EventLoop.h:259] Register writer for: 45
INFO  [Socket.h:137] connect: 46 True
INFO  [EventLoop.h:222] Attach Handler for socket: 46
INFO  [EventLoop.h:252] Register reader for: 46
WARN  [Socket.h:193] EWouldBlock Write
INFO  [EventLoop.h:259] Register writer for: 46
INFO  [Socket.h:137] connect: 47 True
INFO  [EventLoop.h:222] Attach Handler for socket: 47
INFO  [EventLoop.h:252] Register reader for: 47
INFO  [Socket.h:137] connect: 48 True
INFO  [EventLoop.h:222] Attach Handler for socket: 48
INFO  [echo_client.cpp:38] SendedMsg: 11 11 for socket: 47
INFO  [EventLoop.h:252] Register reader for: 48
WARN  [Socket.h:193] EWouldBlock Write
INFO  [EventLoop.h:259] Register writer for: 48
INFO  [Socket.h:137] connect: 49 True
INFO  [EventLoop.h:222] Attach Handler for socket: 49
INFO  [EventLoop.h:252] Register reader for: 49
INFO  [Socket.h:137] connect: 50 True
INFO  [EventLoop.h:222] Attach Handler for socket: 50
INFO  [EventLoop.h:252] Register reader for: 50
WARN  [Socket.h:193] EWouldBlock Write
INFO  [EventLoop.h:259] Register writer for: 49
WARN  [Socket.h:193] EWouldBlock Write
INFO  [Socket.h:137] connect: 51 True
INFO  [EventLoop.h:259] Register writer for: 50
INFO  [EventLoop.h:222] Attach Handler for socket: 51
INFO  [EventLoop.h:252] Register reader for: 51
WARN  [Socket.h:193] EWouldBlock Write
INFO  [Socket.h:137] connect: 52 True
INFO  [EventLoop.h:222] Attach Handler for socket: 52
INFO  [EventLoop.h:259] Register writer for: 51
INFO  [EventLoop.h:252] Register reader for: 52
WARN  [Socket.h:193] EWouldBlock Write
INFO  [EventLoop.h:259] Register writer for: 52
INFO  [Socket.h:137] connect: 53 True
INFO  [EventLoop.h:222] Attach Handler for socket: 53
INFO  [EventLoop.h:252] Register reader for: 53
WARN  [Socket.h:193] EWouldBlock Write
INFO  [Socket.h:137] connect: 54 True
INFO  [EventLoop.h:222] Attach Handler for socket: 54
INFO  [EventLoop.h:259] Register writer for: 53
INFO  [EventLoop.h:252] Register reader for: 54
WARN  [Socket.h:193] EWouldBlock Write
INFO  [EventLoop.h:259] Register writer for: 54
INFO  [Socket.h:137] connect: 55 True
INFO  [EventLoop.h:222] Attach Handler for socket: 55
INFO  [EventLoop.h:252] Register reader for: 55
INFO  [Socket.h:137] connect: 56 True
WARN  [Socket.h:193] EWouldBlock Write
INFO  [EventLoop.h:222] Attach Handler for socket: 56
INFO  [EventLoop.h:259] Register writer for: 55
INFO  [EventLoop.h:252] Register reader for: 56
WARN  [Socket.h:193] EWouldBlock Write
INFO  [Socket.h:137] connect: 57 True
INFO  [EventLoop.h:259] Register writer for: 56
INFO  [EventLoop.h:222] Attach Handler for socket: 57
INFO  [EventLoop.h:252] Register reader for: 57
WARN  [Socket.h:193] EWouldBlock Write
INFO  [Socket.h:137] connect: 58 True
INFO  [EventLoop.h:259] Register writer for: 57
INFO  [EventLoop.h:222] Attach Handler for socket: 58
INFO  [EventLoop.h:252] Register reader for: 58
WARN  [Socket.h:193] EWouldBlock Write
INFO  [Socket.h:137] connect: 59 True
INFO  [EventLoop.h:259] Register writer for: 58
INFO  [EventLoop.h:222] Attach Handler for socket: 59
INFO  [EventLoop.h:252] Register reader for: 59
INFO  [Socket.h:137] connect: 60 True
INFO  [EventLoop.h:222] Attach Handler for socket: 60
INFO  [EventLoop.h:252] Register reader for: 60
WARN  [Socket.h:193] EWouldBlock Write
INFO  [EventLoop.h:259] Register writer for: 59
INFO  [Socket.h:137] connect: 61 True
WARN  [Socket.h:193] EWouldBlock Write
INFO  [EventLoop.h:222] Attach Handler for socket: 61
INFO  [EventLoop.h:259] Register writer for: 60
INFO  [EventLoop.h:252] Register reader for: 61
WARN  [Socket.h:193] EWouldBlock Write
INFO  [EventLoop.h:259] Register writer for: 61
INFO  [Socket.h:137] connect: 62 True
INFO  [EventLoop.h:222] Attach Handler for socket: 62
INFO  [EventLoop.h:252] Register reader for: 62
INFO  [Socket.h:137] connect: 63 True
INFO  [EventLoop.h:222] Attach Handler for socket: 63
INFO  [EventLoop.h:252] Register reader for: 63
WARN  [Socket.h:193] EWouldBlock Write
INFO  [EventLoop.h:259] Register writer for: 62
INFO  [Socket.h:137] connect: 64 True
INFO  [EventLoop.h:222] Attach Handler for socket: 64
WARN  [Socket.h:193] EWouldBlock Write
INFO  [EventLoop.h:259] Register writer for: 63
INFO  [EventLoop.h:252] Register reader for: 64
WARN  [Socket.h:193] EWouldBlock Write
INFO  [EventLoop.h:259] Register writer for: 64
INFO  [Socket.h:137] connect: 65 True
INFO  [EventLoop.h:222] Attach Handler for socket: 65
INFO  [EventLoop.h:252] Register reader for: 65
WARN  [Socket.h:193] EWouldBlock Write
INFO  [EventLoop.h:259] Register writer for: 65
INFO  [Socket.h:137] connect: 66 True
INFO  [EventLoop.h:222] Attach Handler for socket: 66
INFO  [EventLoop.h:252] Register reader for: 66
WARN  [Socket.h:193] EWouldBlock Write
INFO  [EventLoop.h:259] Register writer for: 66
INFO  [Socket.h:137] connect: 67 True
INFO  [EventLoop.h:222] Attach Handler for socket: 67
INFO  [EventLoop.h:252] Register reader for: 67
WARN  [Socket.h:193] EWouldBlock Write
INFO  [EventLoop.h:259] Register writer for: 67
INFO  [Socket.h:137] connect: 68 True
INFO  [EventLoop.h:222] Attach Handler for socket: 68
INFO  [EventLoop.h:252] Register reader for: 68
WARN  [Socket.h:193] EWouldBlock Write
INFO  [EventLoop.h:259] Register writer for: 68
INFO  [Socket.h:137] connect: 69 True
INFO  [EventLoop.h:222] Attach Handler for socket: 69
INFO  [EventLoop.h:252] Register reader for: 69
WARN  [Socket.h:193] EWouldBlock Write
INFO  [Socket.h:137] connect: 70 True
INFO  [EventLoop.h:259] Register writer for: 69
INFO  [EventLoop.h:222] Attach Handler for socket: 70
INFO  [EventLoop.h:252] Register reader for: 70
WARN  [Socket.h:193] EWouldBlock Write
INFO  [Socket.h:137] connect: 71 True
INFO  [EventLoop.h:259] Register writer for: 70
INFO  [EventLoop.h:222] Attach Handler for socket: 71
INFO  [EventLoop.h:252] Register reader for: 71
WARN  [Socket.h:193] EWouldBlock Write
INFO  [Socket.h:137] connect: 72 True
INFO  [EventLoop.h:259] Register writer for: 71
INFO  [EventLoop.h:222] Attach Handler for socket: 72
INFO  [EventLoop.h:252] Register reader for: 72
WARN  [Socket.h:193] EWouldBlock Write
INFO  [Socket.h:137] connect: 73 True
INFO  [EventLoop.h:259] Register writer for: 72
INFO  [EventLoop.h:222] Attach Handler for socket: 73
INFO  [EventLoop.h:252] Register reader for: 73
WARN  [Socket.h:193] EWouldBlock Write
INFO  [EventLoop.h:259] Register writer for: 73
INFO  [Socket.h:137] connect: 74 True
INFO  [EventLoop.h:222] Attach Handler for socket: 74
INFO  [EventLoop.h:252] Register reader for: 74
WARN  [Socket.h:193] EWouldBlock Write
INFO  [EventLoop.h:259] Register writer for: 74
INFO  [Socket.h:137] connect: 75 True
INFO  [EventLoop.h:222] Attach Handler for socket: 75
INFO  [EventLoop.h:252] Register reader for: 75
WARN  [Socket.h:193] EWouldBlock Write
INFO  [EventLoop.h:259] Register writer for: 75
INFO  [Socket.h:137] connect: 76 True
INFO  [EventLoop.h:222] Attach Handler for socket: 76
INFO  [EventLoop.h:252] Register reader for: 76
WARN  [Socket.h:193] EWouldBlock Write
INFO  [Socket.h:137] connect: 77 True
INFO  [EventLoop.h:259] Register writer for: 76
INFO  [EventLoop.h:222] Attach Handler for socket: 77
INFO  [EventLoop.h:252] Register reader for: 77
INFO  [Socket.h:137] connect: 78 True
INFO  [EventLoop.h:222] Attach Handler for socket: 78
WARN  [Socket.h:193] EWouldBlock Write
INFO  [EventLoop.h:252] Register reader for: 78
INFO  [EventLoop.h:259] Register writer for: 77
WARN  [Socket.h:193] EWouldBlock Write
INFO  [EventLoop.h:259] Register writer for: 78
INFO  [Socket.h:137] connect: 79 True
INFO  [EventLoop.h:222] Attach Handler for socket: 79
INFO  [EventLoop.h:252] Register reader for: 79
WARN  [Socket.h:193] EWouldBlock Write
INFO  [EventLoop.h:259] Register writer for: 79
INFO  [Socket.h:137] connect: 80 True
INFO  [EventLoop.h:222] Attach Handler for socket: 80
INFO  [EventLoop.h:252] Register reader for: 80
WARN  [Socket.h:193] EWouldBlock Write
INFO  [EventLoop.h:259] Register writer for: 80
INFO  [Socket.h:137] connect: 81 True
INFO  [EventLoop.h:222] Attach Handler for socket: 81
INFO  [EventLoop.h:252] Register reader for: 81
WARN  [Socket.h:193] EWouldBlock Write
INFO  [EventLoop.h:259] Register writer for: 81
INFO  [Socket.h:137] connect: 82 True
INFO  [EventLoop.h:222] Attach Handler for socket: 82
INFO  [EventLoop.h:252] Register reader for: 82
WARN  [Socket.h:193] EWouldBlock Write
INFO  [EventLoop.h:259] Register writer for: 82
INFO  [Socket.h:137] connect: 83 True
INFO  [EventLoop.h:222] Attach Handler for socket: 83
INFO  [EventLoop.h:252] Register reader for: 83
WARN  [Socket.h:193] EWouldBlock Write
INFO  [EventLoop.h:259] Register writer for: 83
INFO  [Socket.h:137] connect: 84 True
INFO  [EventLoop.h:222] Attach Handler for socket: 84
INFO  [EventLoop.h:252] Register reader for: 84
WARN  [Socket.h:193] EWouldBlock Write
INFO  [EventLoop.h:259] Register writer for: 84
INFO  [Socket.h:137] connect: 85 True
INFO  [EventLoop.h:222] Attach Handler for socket: 85
INFO  [EventLoop.h:252] Register reader for: 85
WARN  [Socket.h:193] EWouldBlock Write
INFO  [Socket.h:137] connect: 86 True
INFO  [EventLoop.h:259] Register writer for: 85
INFO  [EventLoop.h:222] Attach Handler for socket: 86
INFO  [EventLoop.h:252] Register reader for: 86
WARN  [Socket.h:193] EWouldBlock Write
INFO  [Socket.h:137] connect: 87 True
INFO  [EventLoop.h:259] Register writer for: 86
INFO  [EventLoop.h:222] Attach Handler for socket: 87
INFO  [EventLoop.h:252] Register reader for: 87
WARN  [Socket.h:193] EWouldBlock Write
INFO  [Socket.h:137] connect: 88 True
INFO  [EventLoop.h:259] Register writer for: 87
INFO  [EventLoop.h:222] Attach Handler for socket: 88
INFO  [EventLoop.h:252] Register reader for: 88
WARN  [Socket.h:193] EWouldBlock Write
INFO  [EventLoop.h:259] Register writer for: 88
INFO  [Socket.h:137] connect: 89 True
INFO  [EventLoop.h:222] Attach Handler for socket: 89
INFO  [EventLoop.h:252] Register reader for: 89
WARN  [Socket.h:193] EWouldBlock Write
INFO  [Socket.h:137] connect: 90 True
INFO  [EventLoop.h:259] Register writer for: 89
INFO  [EventLoop.h:222] Attach Handler for socket: 90
INFO  [EventLoop.h:252] Register reader for: 90
WARN  [Socket.h:193] EWouldBlock Write
INFO  [EventLoop.h:259] Register writer for: 90
INFO  [Socket.h:137] connect: 91 True
INFO  [EventLoop.h:222] Attach Handler for socket: 91
INFO  [EventLoop.h:252] Register reader for: 91
WARN  [Socket.h:193] EWouldBlock Write
INFO  [EventLoop.h:259] Register writer for: 91
INFO  [Socket.h:137] connect: 92 True
INFO  [EventLoop.h:222] Attach Handler for socket: 92
INFO  [EventLoop.h:252] Register reader for: 92
WARN  [Socket.h:193] EWouldBlock Write
INFO  [EventLoop.h:259] Register writer for: 92
INFO  [Socket.h:137] connect: 93 True
INFO  [EventLoop.h:222] Attach Handler for socket: 93
INFO  [EventLoop.h:252] Register reader for: 93
WARN  [Socket.h:193] EWouldBlock Write
INFO  [Socket.h:137] connect: 94 True
INFO  [EventLoop.h:259] Register writer for: 93
INFO  [EventLoop.h:222] Attach Handler for socket: 94
INFO  [EventLoop.h:252] Register reader for: 94
WARN  [Socket.h:193] EWouldBlock Write
INFO  [EventLoop.h:259] Register writer for: 94
INFO  [Socket.h:137] connect: 95 True
INFO  [EventLoop.h:222] Attach Handler for socket: 95
INFO  [EventLoop.h:252] Register reader for: 95
INFO  [Socket.h:137] connect: 96 True
WARN  [Socket.h:193] EWouldBlock Write
INFO  [EventLoop.h:222] Attach Handler for socket: 96
INFO  [EventLoop.h:259] Register writer for: 95
INFO  [EventLoop.h:252] Register reader for: 96
WARN  [Socket.h:193] EWouldBlock Write
INFO  [EventLoop.h:259] Register writer for: 96
INFO  [Socket.h:137] connect: 97 True
INFO  [EventLoop.h:222] Attach Handler for socket: 97
INFO  [EventLoop.h:252] Register reader for: 97
WARN  [Socket.h:193] EWouldBlock Write
INFO  [Socket.h:137] connect: 98 True
INFO  [EventLoop.h:259] Register writer for: 97
INFO  [EventLoop.h:222] Attach Handler for socket: 98
INFO  [EventLoop.h:252] Register reader for: 98
WARN  [Socket.h:193] EWouldBlock Write
INFO  [EventLoop.h:259] Register writer for: 98
INFO  [Socket.h:137] connect: 99 True
INFO  [EventLoop.h:222] Attach Handler for socket: 99
INFO  [EventLoop.h:252] Register reader for: 99
WARN  [Socket.h:193] EWouldBlock Write
INFO  [EventLoop.h:259] Register writer for: 99
INFO  [Socket.h:137] connect: 100 True
INFO  [EventLoop.h:222] Attach Handler for socket: 100
INFO  [EventLoop.h:252] Register reader for: 100
WARN  [Socket.h:193] EWouldBlock Write
INFO  [EventLoop.h:259] Register writer for: 100
INFO  [Socket.h:137] connect: 101 True
INFO  [EventLoop.h:222] Attach Handler for socket: 101
INFO  [EventLoop.h:252] Register reader for: 101
WARN  [Socket.h:193] EWouldBlock Write
INFO  [EventLoop.h:259] Register writer for: 101
INFO  [Socket.h:137] connect: 102 True
INFO  [EventLoop.h:222] Attach Handler for socket: 102
INFO  [EventLoop.h:252] Register reader for: 102
WARN  [Socket.h:193] EWouldBlock Write
INFO  [EventLoop.h:259] Register writer for: 102
INFO  [Socket.h:137] connect: 103 True
INFO  [EventLoop.h:222] Attach Handler for socket: 103
INFO  [EventLoop.h:252] Register reader for: 103
WARN  [Socket.h:193] EWouldBlock Write
INFO  [EventLoop.h:348] Calling ::EPoll(): (at most 5 seconds) for 100 sockets
INFO  [EventLoop.h:259] Register writer for: 103
INFO  [EventLoop.h:354] 2Sockets Active
INFO  [EventLoop.h:348] Calling ::EPoll(): (at most 5 seconds) for 98 sockets
INFO  [EventLoop.h:354] 2Sockets Active
INFO  [EventLoop.h:348] Calling ::EPoll(): (at most 5 seconds) for 96 sockets
INFO  [MSGHandler.h:52] Received from :5
INFO  [echo_client.cpp:31] Received(from Socket: 5): wait for mewait for me
INFO  [MSGHandler.h:52] Received from :4
INFO  [echo_client.cpp:31] Received(from Socket: 4): wait for mewait for me
INFO  [EventLoop.h:354] 1Sockets Active
INFO  [EventLoop.h:348] Calling ::EPoll(): (at most 5 seconds) for 95 sockets
INFO  [EventLoop.h:354] 1Sockets Active
INFO  [EventLoop.h:348] Calling ::EPoll(): (at most 5 seconds) for 94 sockets
INFO  [MSGHandler.h:52] Received from :7
INFO  [echo_client.cpp:31] Received(from Socket: 7): wait for mewait for me
INFO  [EventLoop.h:354] 1Sockets Active
INFO  [EventLoop.h:348] Calling ::EPoll(): (at most 5 seconds) for 93 sockets
INFO  [MSGHandler.h:52] Received from :6
INFO  [echo_client.cpp:31] Received(from Socket: 6): wait for mewait for me
INFO  [MSGHandler.h:52] Received from :8
INFO  [echo_client.cpp:31] Received(from Socket: 8): wait for mewait for me
INFO  [EventLoop.h:354] 1Sockets Active
INFO  [EventLoop.h:348] Calling ::EPoll(): (at most 5 seconds) for 92 sockets
INFO  [MSGHandler.h:52] Received from :10
INFO  [echo_client.cpp:31] Received(from Socket: 10): wait for mewait for me
INFO  [EventLoop.h:354] 1Sockets Active
INFO  [EventLoop.h:348] Calling ::EPoll(): (at most 5 seconds) for 91 sockets
INFO  [MSGHandler.h:52] Received from :9
INFO  [echo_client.cpp:31] Received(from Socket: 9): wait for mewait for me
INFO  [EventLoop.h:354] 1Sockets Active
INFO  [EventLoop.h:348] Calling ::EPoll(): (at most 5 seconds) for 90 sockets
INFO  [MSGHandler.h:52] Received from :11
INFO  [echo_client.cpp:31] Received(from Socket: 11): wait for mewait for me
INFO  [MSGHandler.h:52] Received from :24
INFO  [echo_client.cpp:31] Received(from Socket: 24): wait for mewait for me
INFO  [MSGHandler.h:52] Received from :47
INFO  [echo_client.cpp:31] Received(from Socket: 47): wait for mewait for me
INFO  [EventLoop.h:354] 2Sockets Active
INFO  [EventLoop.h:348] Calling ::EPoll(): (at most 5 seconds) for 88 sockets
INFO  [EventLoop.h:354] 4Sockets Active
INFO  [EventLoop.h:348] Calling ::EPoll(): (at most 5 seconds) for 84 sockets
INFO  [echo_client.cpp:38] SendedMsg: 11 11 for socket: 14
INFO  [echo_client.cpp:38] SendedMsg: 11 11 for socket: 15
INFO  [echo_client.cpp:38] SendedMsg: 11 11 for socket: 16
INFO  [echo_client.cpp:38] SendedMsg: 11 11 for socket: 17
INFO  [echo_client.cpp:38] SendedMsg: 11 11 for socket: 19
INFO  [echo_client.cpp:38] SendedMsg: 11 11 for socket: 18
INFO  [EventLoop.h:354] 51Sockets Active
INFO  [echo_client.cpp:38] SendedMsg: 11 11 for socket: 20
INFO  [echo_client.cpp:38] SendedMsg: 11 11 for socket: 21
INFO  [echo_client.cpp:38] SendedMsg: 11 11 for socket: 22
INFO  [EventLoop.h:348] Calling ::EPoll(): (at most 5 seconds) for 33 sockets
INFO  [echo_client.cpp:38] SendedMsg: 11 11 for socket: 23
INFO  [echo_client.cpp:38] SendedMsg: 11 11 for socket: 25
INFO  [echo_client.cpp:38] SendedMsg: 11 11 for socket: 26
INFO  [echo_client.cpp:38] SendedMsg: 11 11 for socket: 27
INFO  [echo_client.cpp:38] SendedMsg: 11 11 for socket: 28
INFO  [echo_client.cpp:38] SendedMsg: 11 11 for socket: 29
INFO  [echo_client.cpp:38] SendedMsg: 11 11 for socket: 30
INFO  [echo_client.cpp:38] SendedMsg: 11 11 for socket: 31
INFO  [echo_client.cpp:38] SendedMsg: 11 11 for socket: 32
INFO  [echo_client.cpp:38] SendedMsg: 11 11 for socket: 33
INFO  [echo_client.cpp:38] SendedMsg: 11 11 for socket: 34
INFO  [echo_client.cpp:38] SendedMsg: 11 11 for socket: 35
INFO  [echo_client.cpp:38] SendedMsg: 11 11 for socket: 37
INFO  [echo_client.cpp:38] SendedMsg: 11 11 for socket: 36
INFO  [echo_client.cpp:38] SendedMsg: 11 11 for socket: 38
INFO  [echo_client.cpp:38] SendedMsg: 11 11 for socket: 39
INFO  [echo_client.cpp:38] SendedMsg: 11 11 for socket: 41
INFO  [echo_client.cpp:38] SendedMsg: 11 11 for socket: 40
INFO  [echo_client.cpp:38] SendedMsg: 11 11 for socket: 42
INFO  [echo_client.cpp:38] SendedMsg: 11 11 for socket: 43
INFO  [echo_client.cpp:38] SendedMsg: 11 11 for socket: 44
INFO  [echo_client.cpp:38] SendedMsg: 11 11 for socket: 45
INFO  [echo_client.cpp:38] SendedMsg: 11 11 for socket: 46
INFO  [echo_client.cpp:38] SendedMsg: 11 11 for socket: 48
INFO  [echo_client.cpp:38] SendedMsg: 11 11 for socket: 49
INFO  [echo_client.cpp:38] SendedMsg: 11 11 for socket: 50
INFO  [echo_client.cpp:38] SendedMsg: 11 11 for socket: 51
INFO  [echo_client.cpp:38] SendedMsg: 11 11 for socket: 52
INFO  [echo_client.cpp:38] SendedMsg: 11 11 for socket: 53
INFO  [echo_client.cpp:38] SendedMsg: 11 11 for socket: 54
INFO  [echo_client.cpp:38] SendedMsg: 11 11 for socket: 55
INFO  [echo_client.cpp:38] SendedMsg: 11 11 for socket: 56
INFO  [echo_client.cpp:38] SendedMsg: 11 11 for socket: 57
INFO  [echo_client.cpp:38] SendedMsg: 11 11 for socket: 58
INFO  [echo_client.cpp:38] SendedMsg: 11 11 for socket: 59
INFO  [echo_client.cpp:38] SendedMsg: 11 11 for socket: 60
INFO  [echo_client.cpp:38] SendedMsg: 11 11 for socket: 61
INFO  [echo_client.cpp:38] SendedMsg: 11 11 for socket: 62
INFO  [echo_client.cpp:38] SendedMsg: 11 11 for socket: 63
INFO  [echo_client.cpp:38] SendedMsg: 11 11 for socket: 64
INFO  [echo_client.cpp:38] SendedMsg: 11 11 for socket: 65
INFO  [echo_client.cpp:38] SendedMsg: 11 11 for socket: 66
INFO  [echo_client.cpp:38] SendedMsg: 11 11 for socket: 67
INFO  [echo_client.cpp:38] SendedMsg: 11 11 for socket: 68
INFO  [echo_client.cpp:38] SendedMsg: 11 11 for socket: 69
INFO  [echo_client.cpp:38] SendedMsg: 11 11 for socket: 70
INFO  [echo_client.cpp:38] SendedMsg: 11 11 for socket: 71
INFO  [echo_client.cpp:38] SendedMsg: 11 11 for socket: 72
INFO  [EventLoop.h:354] 1Sockets Active
INFO  [EventLoop.h:348] Calling ::EPoll(): (at most 5 seconds) for 32 sockets
INFO  [EventLoop.h:354] 1Sockets Active
INFO  [EventLoop.h:348] Calling ::EPoll(): (at most 5 seconds) for 31 sockets
INFO  [MSGHandler.h:52] Received from :14
INFO  [echo_client.cpp:31] Received(from Socket: 14): wait for mewait for me
INFO  [MSGHandler.h:52] Received from :15
INFO  [echo_client.cpp:31] Received(from Socket: 15): wait for mewait for me
INFO  [EventLoop.h:354] 1Sockets Active
INFO  [EventLoop.h:348] Calling ::EPoll(): (at most 5 seconds) for 30 sockets
INFO  [MSGHandler.h:52] Received from :16
INFO  [echo_client.cpp:31] Received(from Socket: 16): wait for mewait for me
INFO  [EventLoop.h:354] 1Sockets Active
INFO  [EventLoop.h:348] Calling ::EPoll(): (at most 5 seconds) for 29 sockets
INFO  [MSGHandler.h:52] Received from :17
INFO  [echo_client.cpp:31] Received(from Socket: 17): wait for mewait for me
INFO  [EventLoop.h:354] 1Sockets Active
INFO  [EventLoop.h:348] Calling ::EPoll(): (at most 5 seconds) for 28 sockets
INFO  [MSGHandler.h:52] Received from :18
INFO  [echo_client.cpp:31] Received(from Socket: 18): wait for mewait for me
INFO  [EventLoop.h:354] 1Sockets Active
INFO  [EventLoop.h:348] Calling ::EPoll(): (at most 5 seconds) for 27 sockets
INFO  [MSGHandler.h:52] Received from :20
INFO  [echo_client.cpp:31] Received(from Socket: 20): wait for mewait for me
INFO  [EventLoop.h:354] 1Sockets Active
INFO  [EventLoop.h:348] Calling ::EPoll(): (at most 5 seconds) for 26 sockets
INFO  [EventLoop.h:354] 1Sockets Active
INFO  [EventLoop.h:348] Calling ::EPoll(): (at most 5 seconds) for 25 sockets
INFO  [MSGHandler.h:52] Received from :22
INFO  [echo_client.cpp:31] Received(from Socket: 22): wait for mewait for me
INFO  [MSGHandler.h:52] Received from :21
INFO  [echo_client.cpp:31] Received(from Socket: 21): wait for mewait for me
INFO  [EventLoop.h:354] 2Sockets Active
INFO  [EventLoop.h:348] Calling ::EPoll(): (at most 5 seconds) for 23 sockets
INFO  [EventLoop.h:354] 15Sockets Active
INFO  [EventLoop.h:348] Calling ::EPoll(): (at most 5 seconds) for 8 sockets
INFO  [EventLoop.h:354] 14Sockets Active
INFO  [EventLoop.h:348] Calling ::EPoll(): (at most 5 seconds) for -6 sockets
INFO  [echo_client.cpp:38] SendedMsg: 11 11 for socket: 74
INFO  [echo_client.cpp:38] SendedMsg: 11 11 for socket: 75
INFO  [echo_client.cpp:38] SendedMsg: 11 11 for socket: 76
INFO  [echo_client.cpp:38] SendedMsg: 11 11 for socket: 77
INFO  [echo_client.cpp:38] SendedMsg: 11 11 for socket: 78
INFO  [echo_client.cpp:38] SendedMsg: 11 11 for socket: 79
INFO  [echo_client.cpp:38] SendedMsg: 11 11 for socket: 80
INFO  [echo_client.cpp:38] SendedMsg: 11 11 for socket: 81
INFO  [echo_client.cpp:38] SendedMsg: 11 11 for socket: 82
INFO  [echo_client.cpp:38] SendedMsg: 11 11 for socket: 83
INFO  [echo_client.cpp:38] SendedMsg: 11 11 for socket: 84
INFO  [echo_client.cpp:38] SendedMsg: 11 11 for socket: 85
INFO  [echo_client.cpp:38] SendedMsg: 11 11 for socket: 86
INFO  [echo_client.cpp:38] SendedMsg: 11 11 for socket: 87
INFO  [echo_client.cpp:38] SendedMsg: 11 11 for socket: 88
INFO  [echo_client.cpp:38] SendedMsg: 11 11 for socket: 73
INFO  [echo_client.cpp:38] SendedMsg: 11 11 for socket: 89
INFO  [echo_client.cpp:38] SendedMsg: 11 11 for socket: 91
INFO  [echo_client.cpp:38] SendedMsg: 11 11 for socket: 90
INFO  [echo_client.cpp:38] SendedMsg: 11 11 for socket: 92
INFO  [echo_client.cpp:38] SendedMsg: 11 11 for socket: 93
INFO  [echo_client.cpp:38] SendedMsg: 11 11 for socket: 94
INFO  [echo_client.cpp:38] SendedMsg: 11 11 for socket: 95
INFO  [echo_client.cpp:38] SendedMsg: 11 11 for socket: 96
INFO  [echo_client.cpp:38] SendedMsg: 11 11 for socket: 97
INFO  [echo_client.cpp:38] SendedMsg: 11 11 for socket: 98
INFO  [echo_client.cpp:38] SendedMsg: 11 11 for socket: 99
INFO  [echo_client.cpp:38] SendedMsg: 11 11 for socket: 101
INFO  [echo_client.cpp:38] SendedMsg: 11 11 for socket: 100
INFO  [echo_client.cpp:38] SendedMsg: 11 11 for socket: 103
INFO  [echo_client.cpp:38] SendedMsg: 11 11 for socket: 102
INFO  [EventLoop.h:354] 1Sockets Active
INFO  [EventLoop.h:348] Calling ::EPoll(): (at most 5 seconds) for -7 sockets
INFO  [EventLoop.h:354] 1Sockets Active
INFO  [EventLoop.h:348] Calling ::EPoll(): (at most 5 seconds) for -8 sockets
INFO  [MSGHandler.h:52] Received from :73
INFO  [echo_client.cpp:31] Received(from Socket: 73): wait for mewait for me
INFO  [EventLoop.h:354] 1Sockets Active
INFO  [EventLoop.h:348] Calling ::EPoll(): (at most 5 seconds) for -9 sockets
INFO  [MSGHandler.h:52] Received from :75
INFO  [echo_client.cpp:31] Received(from Socket: 75): wait for mewait for me
INFO  [MSGHandler.h:52] Received from :74
INFO  [echo_client.cpp:31] Received(from Socket: 74): wait for mewait for me
INFO  [EventLoop.h:354] 1Sockets Active
INFO  [EventLoop.h:348] Calling ::EPoll(): (at most 5 seconds) for -10 sockets
INFO  [MSGHandler.h:52] Received from :76
INFO  [echo_client.cpp:31] Received(from Socket: 76): wait for mewait for me
INFO  [EventLoop.h:354] 1Sockets Active
INFO  [EventLoop.h:348] Calling ::EPoll(): (at most 5 seconds) for -11 sockets
INFO  [MSGHandler.h:52] Received from :77
INFO  [echo_client.cpp:31] Received(from Socket: 77): wait for mewait for me
INFO  [EventLoop.h:354] 1Sockets Active
INFO  [EventLoop.h:348] Calling ::EPoll(): (at most 5 seconds) for -12 sockets
INFO  [MSGHandler.h:52] Received from :78
INFO  [echo_client.cpp:31] Received(from Socket: 78): wait for mewait for me
INFO  [EventLoop.h:354] 1Sockets Active
INFO  [EventLoop.h:348] Calling ::EPoll(): (at most 5 seconds) for -13 sockets
INFO  [MSGHandler.h:52] Received from :91
INFO  [echo_client.cpp:31] Received(from Socket: 91): wait for mewait for me
INFO  [EventLoop.h:354] 1Sockets Active
INFO  [EventLoop.h:348] Calling ::EPoll(): (at most 5 seconds) for -14 sockets
INFO  [MSGHandler.h:52] Received from :79
INFO  [echo_client.cpp:31] Received(from Socket: 79): wait for mewait for me
INFO  [EventLoop.h:354] 1Sockets Active
INFO  [EventLoop.h:348] Calling ::EPoll(): (at most 5 seconds) for -15 sockets
INFO  [EventLoop.h:354] 1Sockets Active
INFO  [EventLoop.h:348] Calling ::EPoll(): (at most 5 seconds) for -16 sockets
INFO  [MSGHandler.h:52] Received from :13
INFO  [echo_client.cpp:31] Received(from Socket: 13): wait for mewait for me
INFO  [MSGHandler.h:52] Received from :12
INFO  [echo_client.cpp:31] Received(from Socket: 12): wait for mewait for me
INFO  [EventLoop.h:354] 5Sockets Active
